<?xml version='1.0' ?><testsuites errors="0" failures="2" tests="4" time="0.206"><testsuite name="Tests"><testsuite name="Unit tests"><testcase name="List comparison (same length)" time="0.000"><failure>expected: LT
 but got: GT</failure></testcase><testcase name="List comparison (different length)" time="0.000" /></testsuite><testsuite name="(checked by SmallCheck)"><testcase name="Fermat&#39;s last theorem" time="0.000"><failure>there exist 0 0 0 3 such that
  condition is false</failure></testcase><testcase name="sort == sort . reverse" time="0.206" /></testsuite></testsuite></testsuites>